

MyTransaction: private key a2d43efac7e99b7e3cf4c07ebfebb3c349d8f2b5b0e1062d9cef93c170d22d4f

MyTransaction: public_key calulated using Mywallet lib 0427d64b2de9f51ac1bf6b287088de3afcf67e8dd820848128cc27f71c18c5f8baefe71cc14052b4989e33a17f4795022f70313561cb3ef3d0b599c49933daa6fd
public_key type <type 'str'>



C library
MyTransaction0: pkHash calculated from clib(publickey) 1PE7Djw8d1RthCXNwyYYNBv89mmgVezsvy




Method 1
MyTransaction1: pkHash calulated using KeyUtils lib 1PE7Djw8d1RthCXNwyYYNBv89mmgVezsvy



Method 2
MyTransaction2: pkHash calculated from ripemd160 hashlib 1PE7Djw8d1RthCXNwyYYNBv89mmgVezsvy



Method 3
h_initial 0x67452301 0xefcdab89 0x98badcfe 0x10325476 0xc3d2e1f0
round 0
round 1
round 2
round 3
round 4
round 4 j 0, K 2840853838, s 9, r 4 rr 12
h_left 0x3cdc5916 0xaaf0ce4b 0xca1ed0f6 0x2fa2f9d3 0xbce70742
h_right 0x3cdc5916 0xaaf0ce4b 0xca1ed0f6 0x2fa2f9d3 0xbce70742
X  0x8837d011
round 4 j 1, K 2840853838, s 15, r 0 rr 15
h_left 0xbce70742 0xeb655d00 0xaaf0ce4b 0x7b43db28 0x2fa2f9d3
h_right 0xbce70742 0xeb655d00 0xaaf0ce4b 0x7b43db28 0x2fa2f9d3
X  0x73d6c4f6
round 4 j 2, K 2840853838, s 5, r 5 rr 10
h_left 0x2fa2f9d3 0xee5589a8 0xeb655d00 0xc3392eab 0x7b43db28
h_right 0x2fa2f9d3 0xee5589a8 0xeb655d00 0xc3392eab 0x7b43db28
X  0xd7b5393f
round 4 j 3, K 2840853838, s 11, r 9 rr 4
h_left 0x7b43db28 0xc71486c0 0xee5589a8 0x957403ad 0xc3392eab
h_right 0x7b43db28 0xc71486c0 0xee5589a8 0x957403ad 0xc3392eab
X  0x0
round 4 j 4, K 2840853838, s 6, r 7 rr 1
h_left 0xc3392eab 0xddd6b11e 0xc71486c0 0x5626a3b9 0x957403ad
h_right 0xc3392eab 0xddd6b11e 0xc71486c0 0x5626a3b9 0x957403ad
X  0x68d36e21
round 4 j 5, K 2840853838, s 8, r 12 rr 5
h_left 0x957403ad 0x7076802e 0xddd6b11e 0x521b031c 0x5626a3b9
h_right 0x957403ad 0x7076802e 0xddd6b11e 0x521b031c 0x5626a3b9
X  0x0
round 4 j 6, K 2840853838, s 13, r 2 rr 8
h_left 0x5626a3b9 0x9ea57085 0x7076802e 0x5ac47b77 0x521b031c
h_right 0x5626a3b9 0x9ea57085 0x7076802e 0x5ac47b77 0x521b031c
X  0x14fb65be
round 4 j 7, K 2840853838, s 12, r 10 rr 7
h_left 0x521b031c 0x71791326 0x9ea57085 0xda00b9c1 0x5ac47b77
h_right 0x521b031c 0x71791326 0x9ea57085 0xda00b9c1 0x5ac47b77
X  0x0
round 4 j 8, K 2840853838, s 5, r 14 rr 6
h_left 0x5ac47b77 0xb124b816 0x71791326 0x95c2167a 0xda00b9c1
h_right 0x5ac47b77 0xb124b816 0x71791326 0x95c2167a 0xda00b9c1
X  0x100
round 4 j 9, K 2840853838, s 12, r 1 rr 2
h_left 0xda00b9c1 0xa838689a 0xb124b816 0xe44c99c5 0x95c2167a
h_right 0xda00b9c1 0xa838689a 0xb124b816 0xe44c99c5 0x95c2167a
X  0xfe2f916f
round 4 j 10, K 2840853838, s 13, r 3 rr 13
h_left 0x95c2167a 0xd3b43fcb 0xa838689a 0x92e05ac4 0xe44c99c5
h_right 0x95c2167a 0xd3b43fcb 0xa838689a 0x92e05ac4 0xe44c99c5
X  0xa1c2aa97
round 4 j 11, K 2840853838, s 14, r 8 rr 14
h_left 0xe44c99c5 0x76667db1 0xd3b43fcb 0xe1a26aa0 0x92e05ac4
h_right 0xe44c99c5 0x76667db1 0xd3b43fcb 0xe1a26aa0 0x92e05ac4
X  0x80
round 4 j 12, K 2840853838, s 11, r 11 rr 0
h_left 0x92e05ac4 0xa960a893 0x76667db1 0xd0ff2f4e 0xe1a26aa0
h_right 0x92e05ac4 0xa960a893 0x76667db1 0xd0ff2f4e 0xe1a26aa0
X  0x0
round 4 j 13, K 2840853838, s 8, r 6 rr 3
h_left 0xe1a26aa0 0xb70c0b31 0xa960a893 0x99f6c5d9 0xd0ff2f4e
h_right 0xe1a26aa0 0xb70c0b31 0xa960a893 0x99f6c5d9 0xd0ff2f4e
X  0x9fd3a02e
round 4 j 14, K 2840853838, s 5, r 15 rr 9
h_left 0xd0ff2f4e 0xb8d1d1 0xb70c0b31 0x82a24ea5 0x99f6c5d9
h_right 0xd0ff2f4e 0xb8d1d1 0xb70c0b31 0x82a24ea5 0x99f6c5d9
X  0x0
round 4 j 15, K 2840853838, s 6, r 13 rr 11
h_left 0x99f6c5d9 0xe109aea8 0xb8d1d1 0x302cc6dc 0x82a24ea5
h_right 0x99f6c5d9 0xe109aea8 0xb8d1d1 0x302cc6dc 0x82a24ea5
X  0x0
hnew f3cd5ddd 30ad4d28 f13cf195 786f2e95 e8914b22
hex_data f3cd5ddd30ad4d28f13cf195786f2e95e8914b22
hex_stringf3cd5ddd30ad4d28f13cf195786f2e95e8914b22
MyTransaction 3:pkHashStep31 calculated base58(RIPEMD160(SHA256(PK))) 1PE7Djw8d1RthCXNwyYYNBv89mmgVezsvy
